C:\USERS\TIMOTHY\DOCUMENTS\VISUAL STUDIO 2012\PROJECTS\CHESS\NEW CHESS\NEW CHESS\DEBUG\NEW CHESS MAIN.OBJ
C:\USERS\TIMOTHY\DOCUMENTS\VISUAL STUDIO 2012\PROJECTS\CHESS\NEW CHESS\NEW CHESS\DEBUG\VC110.PDB
C:\USERS\TIMOTHY\DOCUMENTS\VISUAL STUDIO 2012\PROJECTS\CHESS\NEW CHESS\DEBUG\NEW CHESS.ILK
C:\USERS\TIMOTHY\DOCUMENTS\VISUAL STUDIO 2012\PROJECTS\CHESS\NEW CHESS\DEBUG\NEW CHESS.EXE
C:\USERS\TIMOTHY\DOCUMENTS\VISUAL STUDIO 2012\PROJECTS\CHESS\NEW CHESS\DEBUG\NEW CHESS.PDB
C:\Users\Timothy\Documents\Visual Studio 2012\Projects\Chess\New Chess\New Chess\Debug\New Chess Main.obj
C:\Users\Timothy\Documents\Visual Studio 2012\Projects\Chess\New Chess\New Chess\Debug\cl.command.1.tlog
C:\Users\Timothy\Documents\Visual Studio 2012\Projects\Chess\New Chess\New Chess\Debug\CL.read.1.tlog
C:\Users\Timothy\Documents\Visual Studio 2012\Projects\Chess\New Chess\New Chess\Debug\CL.write.1.tlog
C:\Users\Timothy\Documents\Visual Studio 2012\Projects\Chess\New Chess\New Chess\Debug\link-cvtres.read.1.tlog
C:\Users\Timothy\Documents\Visual Studio 2012\Projects\Chess\New Chess\New Chess\Debug\link-cvtres.write.1.tlog
C:\Users\Timothy\Documents\Visual Studio 2012\Projects\Chess\New Chess\New Chess\Debug\link-rc.read.1.tlog
C:\Users\Timothy\Documents\Visual Studio 2012\Projects\Chess\New Chess\New Chess\Debug\link-rc.write.1.tlog
C:\Users\Timothy\Documents\Visual Studio 2012\Projects\Chess\New Chess\New Chess\Debug\link.command.1.tlog
C:\Users\Timothy\Documents\Visual Studio 2012\Projects\Chess\New Chess\New Chess\Debug\link.read.1.tlog
C:\Users\Timothy\Documents\Visual Studio 2012\Projects\Chess\New Chess\New Chess\Debug\link.write.1.tlog
C:\Users\Timothy\Documents\Visual Studio 2012\Projects\Chess\New Chess\New Chess\Debug\vc110.idb
C:\Users\Timothy\Documents\Visual Studio 2012\Projects\Chess\New Chess\New Chess\Debug\vc110.pdb
C:\Users\Timothy\Documents\Visual Studio 2012\Projects\Chess\New Chess\Debug\New Chess.pdb
C:\Users\Timothy\Documents\Visual Studio 2012\Projects\Chess\New Chess\Debug\New Chess.exe
C:\Users\Timothy\Documents\Visual Studio 2012\Projects\Chess\New Chess\Debug\New Chess.ilk
